This is METAFONT, Version 2.7182818 (TeX Live 2017) (preloaded base=mf 2017.12.23)  12 FEB 2020 14:40
**Ahmad_Jbarah_0001.jpg Ahmad_Masood_0001.jpg Ahmad_Masood_0002.jpg male
(Ahmad_Jbarah_0001.jpg
! Text line contains an invalid character.
l.1 ÿ
     Øÿà^^@^^PJFIF^^@^^A^^A^^@^^@^^A^^@^^A^^@^^@ÿÛ^^@C^^@^^C^^B^^B^^C^^B^^B^...

? 
! Text line contains an invalid character.
l.1 ÿØ
      ÿà^^@^^PJFIF^^@^^A^^A^^@^^@^^A^^@^^A^^@^^@ÿÛ^^@C^^@^^C^^B^^B^^C^^B^^B^...

? 
! Text line contains an invalid character.
l.1 ÿØÿ
       à^^@^^PJFIF^^@^^A^^A^^@^^@^^A^^@^^A^^@^^@ÿÛ^^@C^^@^^C^^B^^B^^C^^B^^B^...

? 
! Text line contains an invalid character.
l.1 ÿØÿà
        ^^@^^PJFIF^^@^^A^^A^^@^^@^^A^^@^^A^^@^^@ÿÛ^^@C^^@^^C^^B^^B^^C^^B^^B^...

? ^^X
Type <return> to proceed, S to scroll future error messages,
R to run without stopping, Q to run quietly,
I to insert something, E to edit your file,
H for help, X to quit.
? x

